2022-09-22 10:01:58 INFO log.py: Yasb - Yet Another Status Bar
2022-09-22 10:01:58 WARNING errorhandler.py: Property: Unknown Property name. [7:3: font-smooth]
2022-09-22 10:01:58 WARNING errorhandler.py: Property: Unknown Property name. [8:3: -webkit-font-smoothing]
2022-09-22 10:01:58 WARNING errorhandler.py: Property: Unknown Property name. [9:3: text-rendering]
2022-09-22 10:01:58 ERROR errorhandler.py: Property: Invalid value for "CSS Level 2.1" property: "center" [55:3: text-align]
2022-09-22 10:01:59 INFO bar_manager.py: Starting KomorebiEventListener...
2022-09-22 10:01:59 INFO bar_manager.py: Starting SystemEventListener...
2022-09-22 10:01:59 INFO event_listener.py: Created named pipe yasb-376fe566-3a55-11ed-bdbb-845cf3a4b9f0
2022-09-22 10:01:59 INFO event_listener.py: Waiting for Komorebi to subscribe to named pipe yasb-376fe566-3a55-11ed-bdbb-845cf3a4b9f0
2022-09-22 10:01:59 INFO watcher.py: Created file watcher for path C:\Users\ahmed\.yasb
2022-09-22 10:01:59 INFO event_listener.py: Komorebi connected to named pipe: yasb-376fe566-3a55-11ed-bdbb-845cf3a4b9f0
2022-09-22 14:15:28 INFO bar_manager.py: Screens updated. Re-initialising all bars.
2022-09-22 14:15:28 INFO bar_manager.py: Stopping KomorebiEventListener...
2022-09-22 14:15:28 INFO bar_manager.py: Stopping SystemEventListener...
2022-09-22 14:15:29 INFO bar_manager.py: Starting KomorebiEventListener...
2022-09-22 14:15:29 INFO bar_manager.py: Starting SystemEventListener...
2022-09-22 14:15:29 INFO event_listener.py: Created named pipe yasb-a10d887e-3a78-11ed-9fc8-845cf3a4b9f0
2022-09-22 14:15:29 INFO event_listener.py: Waiting for Komorebi to subscribe to named pipe yasb-a10d887e-3a78-11ed-9fc8-845cf3a4b9f0
2022-09-22 14:15:29 INFO bar.py: Screen geometry changed. Updating position for bar (yasb-bar_DISPLAY1_2d143281)
2022-09-22 14:15:29 INFO event_listener.py: Komorebi connected to named pipe: yasb-a10d887e-3a78-11ed-9fc8-845cf3a4b9f0
2022-09-22 14:15:31 INFO bar_manager.py: Screens updated. Re-initialising all bars.
2022-09-22 14:15:31 INFO bar_manager.py: Stopping KomorebiEventListener...
2022-09-22 14:15:31 INFO bar_manager.py: Stopping SystemEventListener...
2022-09-22 14:15:32 INFO bar_manager.py: Starting KomorebiEventListener...
2022-09-22 14:15:32 INFO bar_manager.py: Starting SystemEventListener...
2022-09-22 14:15:32 INFO event_listener.py: Created named pipe yasb-a2fd37ea-3a78-11ed-b026-845cf3a4b9f0
2022-09-22 14:15:32 INFO event_listener.py: Waiting for Komorebi to subscribe to named pipe yasb-a2fd37ea-3a78-11ed-b026-845cf3a4b9f0
2022-09-22 14:15:32 INFO bar.py: Screen geometry changed. Updating position for bar (yasb-bar_DISPLAY1_c67dfb1a)
2022-09-22 14:15:32 INFO event_listener.py: Komorebi connected to named pipe: yasb-a2fd37ea-3a78-11ed-b026-845cf3a4b9f0
